2025-07-10 16:25:27,546 INFO setting up API-client for environment practice
2025-07-10 16:25:27,580 INFO performing request https://api-fxpractice.oanda.com/v3/instruments/EUR_USD/candles
2025-07-10 16:25:27,961 INFO performing request https://api-fxpractice.oanda.com/v3/instruments/GBP_USD/candles
2025-07-10 16:25:28,077 INFO performing request https://api-fxpractice.oanda.com/v3/instruments/AUD_USD/candles
2025-07-10 16:25:28,430 INFO performing request https://api-fxpractice.oanda.com/v3/instruments/NZD_USD/candles
2025-07-10 16:25:28,534 INFO performing request https://api-fxpractice.oanda.com/v3/instruments/USD_JPY/candles
2025-07-10 16:25:28,625 INFO performing request https://api-fxpractice.oanda.com/v3/instruments/USD_CHF/candles
2025-07-10 16:25:28,703 INFO performing request https://api-fxpractice.oanda.com/v3/instruments/USD_CAD/candles
2025-07-10 16:25:28,797 INFO performing request https://api-fxpractice.oanda.com/v3/instruments/EUR_JPY/candles
2025-07-10 16:25:28,902 INFO performing request https://api-fxpractice.oanda.com/v3/instruments/EUR_GBP/candles
2025-07-10 16:25:28,985 INFO performing request https://api-fxpractice.oanda.com/v3/instruments/EUR_AUD/candles
2025-07-10 16:25:29,075 INFO performing request https://api-fxpractice.oanda.com/v3/instruments/EUR_CHF/candles
2025-07-10 16:25:29,166 INFO performing request https://api-fxpractice.oanda.com/v3/instruments/EUR_CAD/candles
2025-07-10 16:25:29,303 INFO performing request https://api-fxpractice.oanda.com/v3/instruments/GBP_JPY/candles
2025-07-10 16:25:29,489 INFO performing request https://api-fxpractice.oanda.com/v3/instruments/GBP_AUD/candles
2025-07-10 16:25:29,606 INFO performing request https://api-fxpractice.oanda.com/v3/instruments/GBP_CHF/candles
2025-07-10 16:25:29,794 INFO performing request https://api-fxpractice.oanda.com/v3/instruments/GBP_CAD/candles
2025-07-10 16:25:29,907 INFO performing request https://api-fxpractice.oanda.com/v3/instruments/AUD_JPY/candles
2025-07-10 16:25:30,033 INFO performing request https://api-fxpractice.oanda.com/v3/instruments/AUD_NZD/candles
2025-07-10 16:25:30,146 INFO performing request https://api-fxpractice.oanda.com/v3/instruments/AUD_CAD/candles
2025-07-10 16:25:30,248 INFO performing request https://api-fxpractice.oanda.com/v3/instruments/NZD_JPY/candles
2025-07-10 16:25:30,364 INFO performing request https://api-fxpractice.oanda.com/v3/instruments/NZD_CAD/candles
2025-07-10 16:25:30,464 INFO performing request https://api-fxpractice.oanda.com/v3/instruments/EUR_USD/candles
2025-07-10 16:25:30,581 INFO performing request https://api-fxpractice.oanda.com/v3/instruments/GBP_USD/candles
2025-07-10 16:25:30,703 INFO performing request https://api-fxpractice.oanda.com/v3/instruments/AUD_USD/candles
2025-07-10 16:25:30,802 INFO performing request https://api-fxpractice.oanda.com/v3/instruments/NZD_USD/candles
2025-07-10 16:25:30,994 INFO performing request https://api-fxpractice.oanda.com/v3/instruments/USD_JPY/candles
2025-07-10 16:25:31,089 INFO performing request https://api-fxpractice.oanda.com/v3/instruments/USD_CHF/candles
2025-07-10 16:25:31,401 INFO performing request https://api-fxpractice.oanda.com/v3/instruments/USD_CAD/candles
2025-07-10 16:25:31,523 INFO performing request https://api-fxpractice.oanda.com/v3/instruments/EUR_JPY/candles
2025-07-10 16:25:31,620 INFO performing request https://api-fxpractice.oanda.com/v3/instruments/EUR_GBP/candles
2025-07-10 16:25:31,743 INFO performing request https://api-fxpractice.oanda.com/v3/instruments/EUR_AUD/candles
2025-07-10 16:25:31,840 INFO performing request https://api-fxpractice.oanda.com/v3/instruments/EUR_CHF/candles
2025-07-10 16:25:31,978 INFO performing request https://api-fxpractice.oanda.com/v3/instruments/EUR_CAD/candles
2025-07-10 16:25:32,080 INFO performing request https://api-fxpractice.oanda.com/v3/instruments/GBP_JPY/candles
2025-07-10 16:25:32,178 INFO performing request https://api-fxpractice.oanda.com/v3/instruments/GBP_AUD/candles
2025-07-10 16:25:32,309 INFO performing request https://api-fxpractice.oanda.com/v3/instruments/GBP_CHF/candles
2025-07-10 16:25:32,499 INFO performing request https://api-fxpractice.oanda.com/v3/instruments/GBP_CAD/candles
2025-07-10 16:25:32,622 INFO performing request https://api-fxpractice.oanda.com/v3/instruments/AUD_JPY/candles
2025-07-10 16:25:32,841 INFO performing request https://api-fxpractice.oanda.com/v3/instruments/AUD_NZD/candles
2025-07-10 16:25:32,939 INFO performing request https://api-fxpractice.oanda.com/v3/instruments/AUD_CAD/candles
2025-07-10 16:25:33,063 INFO performing request https://api-fxpractice.oanda.com/v3/instruments/NZD_JPY/candles
2025-07-10 16:25:33,163 INFO performing request https://api-fxpractice.oanda.com/v3/instruments/NZD_CAD/candles
2025-07-10 16:25:33,263 INFO performing request https://stream-fxpractice.oanda.com/v3/accounts/101-001-35765541-001/pricing/stream
